Arguments: 
  C:\Program Files\nodejs\node.exe C:\wamp64\www\bosch\.yarn\releases\yarn-1.22.19.cjs

PATH: 
  C:\Program Files (x86)\Common Files\Oracle\Java\javapath;C:\Users\Novaigrup-174\Downloads\WINDOWS.X64_213000_db_home\bin;C:\Program Files\ImageMagick-7.1.0-Q16-HDRI;C:\Python39\Scripts\;C:\Python39\;C:\WINDOWS\system32;C:\WINDOWS;C:\WINDOWS\System32\Wbem;C:\WINDOWS\System32\WindowsPowerShell\v1.0\;C:\WINDOWS\System32\OpenSSH\;C:\ProgramData\chocolatey\bin;C:\Program Files\Git\cmd;C:\Program Files\Docker\Docker\resources\bin;C:\ProgramData\DockerDesktop\version-bin;C:\Program Files\PuTTY\;C:\Users\Novaigrup-174\AppData\Roaming\nvm;C:\Program Files\nodejs;C:\Users\Novaigrup-174\AppData\Local\Programs\Microsoft VS Code;C:\ProgramData\ComposerSetup\bin;C:\wamp64\bin\php\php8.2.0;C:\Program Files (x86)\Common Files\Oracle\Java\javapath;C:\Users\Novaigrup-174\Downloads\WINDOWS.X64_213000_db_home\bin;C:\Program Files\ImageMagick-7.1.0-Q16-HDRI;C:\Python39\Scripts\;C:\Python39\;C:\WINDOWS\system32;C:\WINDOWS;C:\WINDOWS\System32\Wbem;C:\WINDOWS\System32\WindowsPowerShell\v1.0\;C:\WINDOWS\System32\OpenSSH\;C:\ProgramData\chocolatey\bin;C:\Program Files\Git\cmd;C:\Program Files\Docker\Docker\resources\bin;C:\ProgramData\DockerDesktop\version-bin;C:\Program Files\PuTTY\;C:\Users\Novaigrup-174\AppData\Roaming\nvm;C:\Program Files\nodejs;C:\Users\Novaigrup-174\AppData\Local\Programs\Microsoft VS Code;C:\ProgramData\ComposerSetup\bin;C:\wamp64\bin\php\php8.2.0;C:\Usuarios\Novaigrup-174\AppData\Roaming\nvm;C:\Users\Novaigrup-174\AppData\Local\Programs\Microsoft VS Code\bin;C:\Users\Novaigrup-174\AppData\Roaming\Composer\vendor\bin

Yarn version: 
  1.22.19

Node version: 
  20.10.0

Platform: 
  win32 x64

Trace: 
  Error: https://registry.npmjs.org/@mui/icons-material/-/icons-material-5.15.12.tgz: ESOCKETTIMEDOUT
      at ClientRequest.<anonymous> (C:\wamp64\www\bosch\.yarn\releases\yarn-1.22.19.cjs:135924:19)
      at Object.onceWrapper (node:events:628:28)
      at ClientRequest.emit (node:events:514:28)
      at TLSSocket.emitRequestTimeout (node:_http_client:840:9)
      at Object.onceWrapper (node:events:628:28)
      at TLSSocket.emit (node:events:526:35)
      at Socket._onTimeout (node:net:589:8)
      at listOnTimeout (node:internal/timers:573:17)
      at process.processTimers (node:internal/timers:514:7)

npm manifest: 
  {
    "name": "Bosch-TT-Endkundentool-Sektorenkopplung",
    "version": "1.0.0",
    "private": true,
    "engines": {
      "node": ">=20.10.0",
      "yarn": ">=1.22.19 <2"
    },
    "dependencies": {
      "@emotion/react": "^11.5.0",
      "@emotion/styled": "^11.3.0",
      "@mui/icons-material": "^5.14.3",
      "@mui/material": "^5.0.6",
      "@testing-library/jest-dom": "^5.11.4",
      "@testing-library/react": "^11.1.0",
      "@testing-library/user-event": "^12.1.10",
      "axios": "^0.28.0",
      "bootstrap": "^5.1.1",
      "canvg": "^4.0.1",
      "chart.js": "^4.3.0",
      "chartjs-plugin-annotation": "^3.0.1",
      "chartjs-plugin-datalabels": "^2.2.0",
      "chartjs-plugin-style": "^0.5.0",
      "framer-motion": "^4.1.17",
      "html2canvas": "^1.4.1",
      "i18next": "^21.1.1",
      "i18next-browser-languagedetector": "^6.1.4",
      "improved-yarn-audit": "^3.0.0",
      "jspdf": "^2.5.1",
      "jspdf-autotable": "^3.6.0",
      "just-validate": "^4.2.0",
      "patternomaly": "^1.3.2",
      "postcss": "^8.4.31",
      "postcss-normalize": "^10.0.1",
      "rc-slider": "^10.2.1",
      "react": "^17.0.2",
      "react-chartjs-2": "^5.2.0",
      "react-css-transition-replace": "^4.0.5",
      "react-device-detect": "^2.2.3",
      "react-dom": "^17.0.2",
      "react-gtm-module": "^2.0.11",
      "react-i18next": "^11.12.0",
      "react-icons": "^4.3.1",
      "react-responsive": "^9.0.0-beta.5",
      "react-router-dom": "^5.3.0",
      "react-scripts": "5.0.1",
      "reactstrap": "^8.10.0",
      "standardized-audio-context": "^25.3.16",
      "styled-components": "^5.3.3",
      "use-sound": "^4.0.1",
      "validate.js": "^0.13.1",
      "victory": "^36.6.11",
      "web-vitals": "^1.0.1"
    },
    "resolutions": {
      "nth-check": "2.0.1",
      "ua-parser-js": "1.0.33"
    },
    "scripts": {
      "start": "react-scripts start",
      "build": "react-scripts build",
      "test": "react-scripts test",
      "eject": "react-scripts eject"
    },
    "eslintConfig": {
      "extends": [
        "react-app",
        "react-app/jest"
      ]
    },
    "browserslist": {
      "production": [
        ">0.2%",
        "not dead",
        "not op_mini all"
      ],
      "development": [
        "last 1 chrome version",
        "last 1 firefox version",
        "last 1 safari version"
      ]
    },
    "devDependencies": {
      "@faker-js/faker": "^8.0.2"
    }
  }

yarn manifest: 
  No manifest

Lockfile: 
  No lockfile
